<html>
<head>
<title>TestNG:  TestGalaxy8</title>
<link href="../testng.css" rel="stylesheet" type="text/css" />
<link href="../my-testng.css" rel="stylesheet" type="text/css" />

<style type="text/css">
.log { display: none;} 
.stack-trace { display: none;} 
</style>
<script type="text/javascript">
<!--
function flip(e) {
  current = e.style.display;
  if (current == 'block') {
    e.style.display = 'none';
    return 0;
  }
  else {
    e.style.display = 'block';
    return 1;
  }
}

function toggleBox(szDivId, elem, msg1, msg2)
{
  var res = -1;  if (document.getElementById) {
    res = flip(document.getElementById(szDivId));
  }
  else if (document.all) {
    // this is the way old msie versions work
    res = flip(document.all[szDivId]);
  }
  if(elem) {
    if(res == 0) elem.innerHTML = msg1; else elem.innerHTML = msg2;
  }

}

function toggleAllBoxes() {
  if (document.getElementsByTagName) {
    d = document.getElementsByTagName('div');
    for (i = 0; i < d.length; i++) {
      if (d[i].className == 'log') {
        flip(d[i]);
      }
    }
  }
}

// -->
</script>

</head>
<body>
<h2 align='center'>TestGalaxy8</h2><table border='1' align="center">
<tr>
<td>Tests passed/Failed/Skipped:</td><td>3/2/0</td>
</tr><tr>
<td>Started on:</td><td>Fri Aug 10 13:35:53 IST 2018</td>
</tr>
<tr><td>Total time:</td><td>887 seconds (887049 ms)</td>
</tr><tr>
<td>Included groups:</td><td></td>
</tr><tr>
<td>Excluded groups:</td><td></td>
</tr>
</table><p/>
<small><i>(Hover the method name to see the test class name)</i></small><p/>
<table width='100%' border='1' class='invocation-failed'>
<tr><td colspan='4' align='center'><b>FAILED TESTS</b></td></tr>
<tr><td><b>Test method</b></td>
<td width="30%"><b>Exception</b></td>
<td width="10%"><b>Time (seconds)</b></td>
<td><b>Instance</b></td>
</tr>
<tr>
<td title='com.browserstack.suite.SuiteReconcileScenario1.test_01()'><b>test_01</b><br>Test class: com.browserstack.suite.SuiteReconcileScenario1</td>
<td><div><pre>org.openqa.selenium.NoSuchElementException: An element could not be located on the page using the given search parameters. (WARNING: The server did not provide any stacktrace information)
Command duration or timeout: 5.35 seconds
For documentation on this error, please visit: http://seleniumhq.org/exceptions/no_such_element.html
Build info: version: &apos;2.52.0&apos;, revision: &apos;4c2593cfc3689a7fcd7be52549167e5ccc93ad28&apos;, time: &apos;2016-02-11 11:22:43&apos;
System info: host: &apos;DESKTOP-GVPH1DS&apos;, ip: &apos;192.168.1.105&apos;, os.name: &apos;Windows 10&apos;, os.arch: &apos;amd64&apos;, os.version: &apos;10.0&apos;, java.version: &apos;1.8.0_171&apos;
Driver info: io.appium.java_client.android.AndroidDriver
Capabilities [{appPackage=com.mmfais.app, browserstack.tunnelIdentifier=, browserstack.appiumLogs=true, bundleID=com.mmfais.app, deviceName=samsung galaxy s8, platform=ANDROID, browserstack.deviceLogs=true, browserstack.video.disableWaterMark=true, acceptSslCerts=false, nativeWebScreenshot=true, acceptSslCert=false, automationName=uiautomator2, platformName=android, udid=ce04171420af10fb0c, 64bit=false, appium_port=38084, browserstack.debug=true, systemPort=8204, browserstack.minOSVersion=5.0, browserstack.ie.noFlash=false, os_version=, mobile={browser=mobile, version=Samsung Galaxy S8-7.0}, version=, appActivity=com.mmfais.app.MainActivity, browserstack.video=true, orig_os=android, realMobile=true, device=samsung galaxy s8, browserstack.callbackStop=true, proxy_type=node}]
Session ID: 3688bc4578d5f7142ef55b6c9057ea5100c04e19
*** Element info: {Using=-android uiautomator, value=UiSelector().textMatches(&quot;Enter Name&quot;)}
	at org.openqa.selenium.remote.ErrorHandler.createThrowable(ErrorHandler.java:206)
	at org.openqa.selenium.remote.ErrorHandler.throwIfResponseFailed(ErrorHandler.java:158)
	at org.openqa.selenium.remote.RemoteWebDriver.execute(RemoteWebDriver.java:678)
	at io.appium.java_client.DefaultGenericMobileDriver.execute(DefaultGenericMobileDriver.java:40)
	at io.appium.java_client.AppiumDriver.execute(AppiumDriver.java:1)
	at io.appium.java_client.android.AndroidDriver.execute(AndroidDriver.java:1)
	at org.openqa.selenium.remote.RemoteWebDriver.findElement(RemoteWebDriver.java:363)
	at io.appium.java_client.DefaultGenericMobileDriver.findElement(DefaultGenericMobileDriver.java:56)
	at io.appium.java_client.AppiumDriver.findElement(AppiumDriver.java:1)
	at io.appium.java_client.android.AndroidDriver.findElement(AndroidDriver.java:1)
	at io.appium.java_client.android.AndroidDriver.findElementByAndroidUIAutomator(AndroidDriver.java:365)
	at com.browserstack.suite.AppKeyWords.checkReconcilingScenario1(AppKeyWords.java:385)
	at com.browserstack.suite.SuiteReconcileScenario1.test_01(SuiteReconcileScenario1.java:25)
	at java.util.concurrent.ThreadPoolExecutor.runWorker(ThreadPoolExecutor.java:1149)
	at java.util.concurrent.ThreadPoolExecutor$Worker.run(ThreadPoolExecutor.java:624)
	at java.lang.Thread.run(Thread.java:748)
... Removed 14 stack frames</pre></div><a href='#' onClick='toggleBox("stack-trace1602385993", this, "Click to show all stack frames", "Click to hide stack frames")'>Click to show all stack frames</a>
<div class='stack-trace' id='stack-trace1602385993'><pre>org.openqa.selenium.NoSuchElementException: An element could not be located on the page using the given search parameters. (WARNING: The server did not provide any stacktrace information)
Command duration or timeout: 5.35 seconds
For documentation on this error, please visit: http://seleniumhq.org/exceptions/no_such_element.html
Build info: version: &apos;2.52.0&apos;, revision: &apos;4c2593cfc3689a7fcd7be52549167e5ccc93ad28&apos;, time: &apos;2016-02-11 11:22:43&apos;
System info: host: &apos;DESKTOP-GVPH1DS&apos;, ip: &apos;192.168.1.105&apos;, os.name: &apos;Windows 10&apos;, os.arch: &apos;amd64&apos;, os.version: &apos;10.0&apos;, java.version: &apos;1.8.0_171&apos;
Driver info: io.appium.java_client.android.AndroidDriver
Capabilities [{appPackage=com.mmfais.app, browserstack.tunnelIdentifier=, browserstack.appiumLogs=true, bundleID=com.mmfais.app, deviceName=samsung galaxy s8, platform=ANDROID, browserstack.deviceLogs=true, browserstack.video.disableWaterMark=true, acceptSslCerts=false, nativeWebScreenshot=true, acceptSslCert=false, automationName=uiautomator2, platformName=android, udid=ce04171420af10fb0c, 64bit=false, appium_port=38084, browserstack.debug=true, systemPort=8204, browserstack.minOSVersion=5.0, browserstack.ie.noFlash=false, os_version=, mobile={browser=mobile, version=Samsung Galaxy S8-7.0}, version=, appActivity=com.mmfais.app.MainActivity, browserstack.video=true, orig_os=android, realMobile=true, device=samsung galaxy s8, browserstack.callbackStop=true, proxy_type=node}]
Session ID: 3688bc4578d5f7142ef55b6c9057ea5100c04e19
*** Element info: {Using=-android uiautomator, value=UiSelector().textMatches(&quot;Enter Name&quot;)}
	at sun.reflect.NativeConstructorAccessorImpl.newInstance0(Native Method)
	at sun.reflect.NativeConstructorAccessorImpl.newInstance(NativeConstructorAccessorImpl.java:62)
	at sun.reflect.DelegatingConstructorAccessorImpl.newInstance(DelegatingConstructorAccessorImpl.java:45)
	at java.lang.reflect.Constructor.newInstance(Constructor.java:423)
	at org.openqa.selenium.remote.ErrorHandler.createThrowable(ErrorHandler.java:206)
	at org.openqa.selenium.remote.ErrorHandler.throwIfResponseFailed(ErrorHandler.java:158)
	at org.openqa.selenium.remote.RemoteWebDriver.execute(RemoteWebDriver.java:678)
	at io.appium.java_client.DefaultGenericMobileDriver.execute(DefaultGenericMobileDriver.java:40)
	at io.appium.java_client.AppiumDriver.execute(AppiumDriver.java:1)
	at io.appium.java_client.android.AndroidDriver.execute(AndroidDriver.java:1)
	at org.openqa.selenium.remote.RemoteWebDriver.findElement(RemoteWebDriver.java:363)
	at io.appium.java_client.DefaultGenericMobileDriver.findElement(DefaultGenericMobileDriver.java:56)
	at io.appium.java_client.AppiumDriver.findElement(AppiumDriver.java:1)
	at io.appium.java_client.android.AndroidDriver.findElement(AndroidDriver.java:1)
	at io.appium.java_client.android.AndroidDriver.findElementByAndroidUIAutomator(AndroidDriver.java:365)
	at com.browserstack.suite.AppKeyWords.checkReconcilingScenario1(AppKeyWords.java:385)
	at com.browserstack.suite.SuiteReconcileScenario1.test_01(SuiteReconcileScenario1.java:25)
	at sun.reflect.NativeMethodAccessorImpl.invoke0(Native Method)
	at sun.reflect.NativeMethodAccessorImpl.invoke(NativeMethodAccessorImpl.java:62)
	at sun.reflect.DelegatingMethodAccessorImpl.invoke(DelegatingMethodAccessorImpl.java:43)
	at java.lang.reflect.Method.invoke(Method.java:498)
	at org.testng.internal.MethodInvocationHelper.invokeMethod(MethodInvocationHelper.java:86)
	at org.testng.internal.Invoker.invokeMethod(Invoker.java:643)
	at org.testng.internal.Invoker.invokeTestMethod(Invoker.java:820)
	at org.testng.internal.Invoker.invokeTestMethods(Invoker.java:1128)
	at org.testng.internal.TestMethodWorker.invokeTestMethods(TestMethodWorker.java:129)
	at org.testng.internal.TestMethodWorker.run(TestMethodWorker.java:112)
	at java.util.concurrent.ThreadPoolExecutor.runWorker(ThreadPoolExecutor.java:1149)
	at java.util.concurrent.ThreadPoolExecutor$Worker.run(ThreadPoolExecutor.java:624)
	at java.lang.Thread.run(Thread.java:748)
</pre></div></td>
<td>42</td>
<td>com.browserstack.suite.SuiteReconcileScenario1@6cd8737</td></tr>
<tr>
<td title='com.browserstack.suite.SuiteAddABillWithSaving.test_01()'><b>test_01</b><br>Test class: com.browserstack.suite.SuiteAddABillWithSaving</td>
<td><div><pre>java.lang.AssertionError: The following asserts failed:
	expected [0] but found [180]
	at com.browserstack.suite.AppKeyWords.addABillWithSaving(AppKeyWords.java:136)
	at com.browserstack.suite.SuiteAddABillWithSaving.test_01(SuiteAddABillWithSaving.java:25)
	at java.util.concurrent.ThreadPoolExecutor.runWorker(ThreadPoolExecutor.java:1149)
	at java.util.concurrent.ThreadPoolExecutor$Worker.run(ThreadPoolExecutor.java:624)
	at java.lang.Thread.run(Thread.java:748)
... Removed 11 stack frames</pre></div><a href='#' onClick='toggleBox("stack-trace1593932385", this, "Click to show all stack frames", "Click to hide stack frames")'>Click to show all stack frames</a>
<div class='stack-trace' id='stack-trace1593932385'><pre>java.lang.AssertionError: The following asserts failed:
	expected [0] but found [180]
	at org.testng.asserts.SoftAssert.assertAll(SoftAssert.java:43)
	at com.browserstack.suite.AppKeyWords.addABillWithSaving(AppKeyWords.java:136)
	at com.browserstack.suite.SuiteAddABillWithSaving.test_01(SuiteAddABillWithSaving.java:25)
	at sun.reflect.NativeMethodAccessorImpl.invoke0(Native Method)
	at sun.reflect.NativeMethodAccessorImpl.invoke(NativeMethodAccessorImpl.java:62)
	at sun.reflect.DelegatingMethodAccessorImpl.invoke(DelegatingMethodAccessorImpl.java:43)
	at java.lang.reflect.Method.invoke(Method.java:498)
	at org.testng.internal.MethodInvocationHelper.invokeMethod(MethodInvocationHelper.java:86)
	at org.testng.internal.Invoker.invokeMethod(Invoker.java:643)
	at org.testng.internal.Invoker.invokeTestMethod(Invoker.java:820)
	at org.testng.internal.Invoker.invokeTestMethods(Invoker.java:1128)
	at org.testng.internal.TestMethodWorker.invokeTestMethods(TestMethodWorker.java:129)
	at org.testng.internal.TestMethodWorker.run(TestMethodWorker.java:112)
	at java.util.concurrent.ThreadPoolExecutor.runWorker(ThreadPoolExecutor.java:1149)
	at java.util.concurrent.ThreadPoolExecutor$Worker.run(ThreadPoolExecutor.java:624)
	at java.lang.Thread.run(Thread.java:748)
</pre></div></td>
<td>164</td>
<td>com.browserstack.suite.SuiteAddABillWithSaving@13969fbe</td></tr>
</table><p>
<table width='100%' border='1' class='invocation-passed'>
<tr><td colspan='4' align='center'><b>PASSED TESTS</b></td></tr>
<tr><td><b>Test method</b></td>
<td width="30%"><b>Exception</b></td>
<td width="10%"><b>Time (seconds)</b></td>
<td><b>Instance</b></td>
</tr>
<tr>
<td title='com.browserstack.suite.SuiteReconcileScenario2.test_01()'><b>test_01</b><br>Test class: com.browserstack.suite.SuiteReconcileScenario2</td>
<td></td>
<td>234</td>
<td>com.browserstack.suite.SuiteReconcileScenario2@22f71333</td></tr>
<tr>
<td title='com.browserstack.suite.SuiteCheckingAlertsAndErrors.test_01()'><b>test_01</b><br>Test class: com.browserstack.suite.SuiteCheckingAlertsAndErrors</td>
<td></td>
<td>265</td>
<td>com.browserstack.suite.SuiteCheckingAlertsAndErrors@6bf256fa</td></tr>
<tr>
<td title='com.browserstack.suite.SuiteSpent.test_01()'><b>test_01</b><br>Test class: com.browserstack.suite.SuiteSpent</td>
<td></td>
<td>364</td>
<td>com.browserstack.suite.SuiteSpent@6aaa5eb0</td></tr>
</table><p>
</body>
</html>